<?xml version="1.0" encoding="UTF-8"?>
<testsuites name="jest tests" tests="15" failures="15" errors="0" time="25.046">
  <testsuite name="Visit E2E Tests" errors="0" failures="11" skipped="0" timestamp="2025-08-20T14:22:23" time="10.148" tests="11">
    <testcase classname="Visit E2E Tests Visit Creation should create a visit successfully as admin" name="Visit E2E Tests Visit Creation should create a visit successfully as admin" time="0.001">
      <failure>Error: Command failed: cd ../../libs/db &amp;&amp; npx prisma migrate deploy
    at genericNodeError (node:internal/errors:983:15)
    at wrappedFn (node:internal/errors:537:14)
    at checkExecSyncError (node:child_process:882:11)
    at execSync (node:child_process:954:15)
    at Object.&lt;anonymous&gt; (/Users/tyreeseedwards/oasis international care/apps/api/test/visit.e2e.spec.ts:49:13)
    at processTicksAndRejections (node:internal/process/task_queues:105:5)</failure>
    </testcase>
    <testcase classname="Visit E2E Tests Visit Creation should prevent overlapping visits for same carer" name="Visit E2E Tests Visit Creation should prevent overlapping visits for same carer" time="0">
      <failure>Error: Command failed: cd ../../libs/db &amp;&amp; npx prisma migrate deploy
    at genericNodeError (node:internal/errors:983:15)
    at wrappedFn (node:internal/errors:537:14)
    at checkExecSyncError (node:child_process:882:11)
    at execSync (node:child_process:954:15)
    at Object.&lt;anonymous&gt; (/Users/tyreeseedwards/oasis international care/apps/api/test/visit.e2e.spec.ts:49:13)
    at processTicksAndRejections (node:internal/process/task_queues:105:5)</failure>
    </testcase>
    <testcase classname="Visit E2E Tests Visit Query - RBAC should allow carer to view only their own visits" name="Visit E2E Tests Visit Query - RBAC should allow carer to view only their own visits" time="0">
      <failure>Error: Command failed: cd ../../libs/db &amp;&amp; npx prisma migrate deploy
    at genericNodeError (node:internal/errors:983:15)
    at wrappedFn (node:internal/errors:537:14)
    at checkExecSyncError (node:child_process:882:11)
    at execSync (node:child_process:954:15)
    at Object.&lt;anonymous&gt; (/Users/tyreeseedwards/oasis international care/apps/api/test/visit.e2e.spec.ts:49:13)
    at processTicksAndRejections (node:internal/process/task_queues:105:5)</failure>
    </testcase>
    <testcase classname="Visit E2E Tests Visit Query - RBAC should allow client to view only their visits (read-only)" name="Visit E2E Tests Visit Query - RBAC should allow client to view only their visits (read-only)" time="0">
      <failure>Error: Command failed: cd ../../libs/db &amp;&amp; npx prisma migrate deploy
    at genericNodeError (node:internal/errors:983:15)
    at wrappedFn (node:internal/errors:537:14)
    at checkExecSyncError (node:child_process:882:11)
    at execSync (node:child_process:954:15)
    at Object.&lt;anonymous&gt; (/Users/tyreeseedwards/oasis international care/apps/api/test/visit.e2e.spec.ts:49:13)
    at processTicksAndRejections (node:internal/process/task_queues:105:5)</failure>
    </testcase>
    <testcase classname="Visit E2E Tests Visit Query - RBAC should prevent client from creating visits" name="Visit E2E Tests Visit Query - RBAC should prevent client from creating visits" time="0">
      <failure>Error: Command failed: cd ../../libs/db &amp;&amp; npx prisma migrate deploy
    at genericNodeError (node:internal/errors:983:15)
    at wrappedFn (node:internal/errors:537:14)
    at checkExecSyncError (node:child_process:882:11)
    at execSync (node:child_process:954:15)
    at Object.&lt;anonymous&gt; (/Users/tyreeseedwards/oasis international care/apps/api/test/visit.e2e.spec.ts:49:13)
    at processTicksAndRejections (node:internal/process/task_queues:105:5)</failure>
    </testcase>
    <testcase classname="Visit E2E Tests Task Completion should allow carer to complete their visit tasks" name="Visit E2E Tests Task Completion should allow carer to complete their visit tasks" time="0">
      <failure>Error: Command failed: cd ../../libs/db &amp;&amp; npx prisma migrate deploy
    at genericNodeError (node:internal/errors:983:15)
    at wrappedFn (node:internal/errors:537:14)
    at checkExecSyncError (node:child_process:882:11)
    at execSync (node:child_process:954:15)
    at Object.&lt;anonymous&gt; (/Users/tyreeseedwards/oasis international care/apps/api/test/visit.e2e.spec.ts:49:13)
    at processTicksAndRejections (node:internal/process/task_queues:105:5)</failure>
    </testcase>
    <testcase classname="Visit E2E Tests Task Completion should prevent other carers from completing tasks" name="Visit E2E Tests Task Completion should prevent other carers from completing tasks" time="0">
      <failure>Error: Command failed: cd ../../libs/db &amp;&amp; npx prisma migrate deploy
    at genericNodeError (node:internal/errors:983:15)
    at wrappedFn (node:internal/errors:537:14)
    at checkExecSyncError (node:child_process:882:11)
    at execSync (node:child_process:954:15)
    at Object.&lt;anonymous&gt; (/Users/tyreeseedwards/oasis international care/apps/api/test/visit.e2e.spec.ts:49:13)
    at processTicksAndRejections (node:internal/process/task_queues:105:5)</failure>
    </testcase>
    <testcase classname="Visit E2E Tests Visit Updates should update visit schedule without conflicts" name="Visit E2E Tests Visit Updates should update visit schedule without conflicts" time="0">
      <failure>Error: Command failed: cd ../../libs/db &amp;&amp; npx prisma migrate deploy
    at genericNodeError (node:internal/errors:983:15)
    at wrappedFn (node:internal/errors:537:14)
    at checkExecSyncError (node:child_process:882:11)
    at execSync (node:child_process:954:15)
    at Object.&lt;anonymous&gt; (/Users/tyreeseedwards/oasis international care/apps/api/test/visit.e2e.spec.ts:49:13)
    at processTicksAndRejections (node:internal/process/task_queues:105:5)</failure>
    </testcase>
    <testcase classname="Visit E2E Tests Visit Updates should prevent update if it creates overlap" name="Visit E2E Tests Visit Updates should prevent update if it creates overlap" time="0">
      <failure>Error: Command failed: cd ../../libs/db &amp;&amp; npx prisma migrate deploy
    at genericNodeError (node:internal/errors:983:15)
    at wrappedFn (node:internal/errors:537:14)
    at checkExecSyncError (node:child_process:882:11)
    at execSync (node:child_process:954:15)
    at Object.&lt;anonymous&gt; (/Users/tyreeseedwards/oasis international care/apps/api/test/visit.e2e.spec.ts:49:13)
    at processTicksAndRejections (node:internal/process/task_queues:105:5)</failure>
    </testcase>
    <testcase classname="Visit E2E Tests Visit Deletion should soft delete visit as admin" name="Visit E2E Tests Visit Deletion should soft delete visit as admin" time="0">
      <failure>Error: Command failed: cd ../../libs/db &amp;&amp; npx prisma migrate deploy
    at genericNodeError (node:internal/errors:983:15)
    at wrappedFn (node:internal/errors:537:14)
    at checkExecSyncError (node:child_process:882:11)
    at execSync (node:child_process:954:15)
    at Object.&lt;anonymous&gt; (/Users/tyreeseedwards/oasis international care/apps/api/test/visit.e2e.spec.ts:49:13)
    at processTicksAndRejections (node:internal/process/task_queues:105:5)</failure>
    </testcase>
    <testcase classname="Visit E2E Tests Visit Deletion should prevent non-admin from deleting visits" name="Visit E2E Tests Visit Deletion should prevent non-admin from deleting visits" time="0">
      <failure>Error: Command failed: cd ../../libs/db &amp;&amp; npx prisma migrate deploy
    at genericNodeError (node:internal/errors:983:15)
    at wrappedFn (node:internal/errors:537:14)
    at checkExecSyncError (node:child_process:882:11)
    at execSync (node:child_process:954:15)
    at Object.&lt;anonymous&gt; (/Users/tyreeseedwards/oasis international care/apps/api/test/visit.e2e.spec.ts:49:13)
    at processTicksAndRejections (node:internal/process/task_queues:105:5)</failure>
    </testcase>
    <testcase classname=" Test execution failure: could be caused by test hooks like &apos;afterAll&apos;." name=" Test execution failure: could be caused by test hooks like &apos;afterAll&apos;." time="0">
      <failure>{&quot;message&quot;:&quot;&quot;,&quot;stack&quot;:&quot;TypeError: Cannot read properties of undefined (reading &apos;close&apos;)\n    at Object.&lt;anonymous&gt; (/Users/tyreeseedwards/oasis international care/apps/api/test/visit.e2e.spec.ts:124:15)\n    at Promise.then.completed (/Users/tyreeseedwards/oasis international care/node_modules/.pnpm/jest-circus@29.7.0/node_modules/jest-circus/build/utils.js:298:28)\n    at new Promise (&lt;anonymous&gt;)\n    at callAsyncCircusFn (/Users/tyreeseedwards/oasis international care/node_modules/.pnpm/jest-circus@29.7.0/node_modules/jest-circus/build/utils.js:231:10)\n    at _callCircusHook (/Users/tyreeseedwards/oasis international care/node_modules/.pnpm/jest-circus@29.7.0/node_modules/jest-circus/build/run.js:281:40)\n    at processTicksAndRejections (node:internal/process/task_queues:105:5)\n    at _runTestsForDescribeBlock (/Users/tyreeseedwards/oasis international care/node_modules/.pnpm/jest-circus@29.7.0/node_modules/jest-circus/build/run.js:154:7)\n    at _runTestsForDescribeBlock (/Users/tyreeseedwards/oasis international care/node_modules/.pnpm/jest-circus@29.7.0/node_modules/jest-circus/build/run.js:121:9)\n    at run (/Users/tyreeseedwards/oasis international care/node_modules/.pnpm/jest-circus@29.7.0/node_modules/jest-circus/build/run.js:71:3)\n    at runAndTransformResultsToJestFormat (/Users/tyreeseedwards/oasis international care/node_modules/.pnpm/jest-circus@29.7.0/node_modules/jest-circus/build/legacy-code-todo-rewrite/jestAdapterInit.js:122:21)\n    at jestAdapter (/Users/tyreeseedwards/oasis international care/node_modules/.pnpm/jest-circus@29.7.0/node_modules/jest-circus/build/legacy-code-todo-rewrite/jestAdapter.js:79:19)\n    at runTestInternal (/Users/tyreeseedwards/oasis international care/node_modules/.pnpm/jest-runner@29.7.0/node_modules/jest-runner/build/runTest.js:367:16)\n    at runTest (/Users/tyreeseedwards/oasis international care/node_modules/.pnpm/jest-runner@29.7.0/node_modules/jest-runner/build/runTest.js:444:34)&quot;}</failure>
    </testcase>
  </testsuite>
  <testsuite name="eMAR real DB flow" errors="0" failures="1" skipped="0" timestamp="2025-08-20T14:22:33" time="7.68" tests="1">
    <testcase classname="eMAR real DB flow records medication administration end-to-end" name="eMAR real DB flow records medication administration end-to-end" time="0">
      <failure>PrismaClientValidationError: Invalid client engine type, please use `library` or `binary`
    at Sl (/Users/tyreeseedwards/oasis international care/libs/db/src/generated/client/runtime/library.js:117:2056)
    at new t (/Users/tyreeseedwards/oasis international care/libs/db/src/generated/client/runtime/library.js:130:4621)
    at new PrismaService (/Users/tyreeseedwards/oasis international care/libs/db/src/prisma.service.ts:8:5)
    at TestingInjector.instantiateClass (/Users/tyreeseedwards/oasis international care/node_modules/.pnpm/@nestjs+core@10.3.0_@nestjs+common@10.3.0_class-transformer@0.5.1_class-validator@0.14.0_refl_v7k5goyzxx4rw7fmjhsl2vwruq/node_modules/@nestjs/core/injector/injector.js:365:19)
    at callback (/Users/tyreeseedwards/oasis international care/node_modules/.pnpm/@nestjs+core@10.3.0_@nestjs+common@10.3.0_class-transformer@0.5.1_class-validator@0.14.0_refl_v7k5goyzxx4rw7fmjhsl2vwruq/node_modules/@nestjs/core/injector/injector.js:65:45)
    at processTicksAndRejections (node:internal/process/task_queues:105:5)
    at TestingInjector.resolveConstructorParams (/Users/tyreeseedwards/oasis international care/node_modules/.pnpm/@nestjs+core@10.3.0_@nestjs+common@10.3.0_class-transformer@0.5.1_class-validator@0.14.0_refl_v7k5goyzxx4rw7fmjhsl2vwruq/node_modules/@nestjs/core/injector/injector.js:144:24)
    at TestingInjector.loadInstance (/Users/tyreeseedwards/oasis international care/node_modules/.pnpm/@nestjs+core@10.3.0_@nestjs+common@10.3.0_class-transformer@0.5.1_class-validator@0.14.0_refl_v7k5goyzxx4rw7fmjhsl2vwruq/node_modules/@nestjs/core/injector/injector.js:70:13)
    at TestingInjector.loadProvider (/Users/tyreeseedwards/oasis international care/node_modules/.pnpm/@nestjs+core@10.3.0_@nestjs+common@10.3.0_class-transformer@0.5.1_class-validator@0.14.0_refl_v7k5goyzxx4rw7fmjhsl2vwruq/node_modules/@nestjs/core/injector/injector.js:97:9)
    at /Users/tyreeseedwards/oasis international care/node_modules/.pnpm/@nestjs+core@10.3.0_@nestjs+common@10.3.0_class-transformer@0.5.1_class-validator@0.14.0_refl_v7k5goyzxx4rw7fmjhsl2vwruq/node_modules/@nestjs/core/injector/instance-loader.js:56:13
    at async Promise.all (index 7)
    at TestingInstanceLoader.createInstancesOfProviders (/Users/tyreeseedwards/oasis international care/node_modules/.pnpm/@nestjs+core@10.3.0_@nestjs+common@10.3.0_class-transformer@0.5.1_class-validator@0.14.0_refl_v7k5goyzxx4rw7fmjhsl2vwruq/node_modules/@nestjs/core/injector/instance-loader.js:55:9)
    at /Users/tyreeseedwards/oasis international care/node_modules/.pnpm/@nestjs+core@10.3.0_@nestjs+common@10.3.0_class-transformer@0.5.1_class-validator@0.14.0_refl_v7k5goyzxx4rw7fmjhsl2vwruq/node_modules/@nestjs/core/injector/instance-loader.js:40:13
    at async Promise.all (index 1)
    at TestingInstanceLoader.createInstances (/Users/tyreeseedwards/oasis international care/node_modules/.pnpm/@nestjs+core@10.3.0_@nestjs+common@10.3.0_class-transformer@0.5.1_class-validator@0.14.0_refl_v7k5goyzxx4rw7fmjhsl2vwruq/node_modules/@nestjs/core/injector/instance-loader.js:39:9)
    at TestingInstanceLoader.createInstancesOfDependencies (/Users/tyreeseedwards/oasis international care/node_modules/.pnpm/@nestjs+core@10.3.0_@nestjs+common@10.3.0_class-transformer@0.5.1_class-validator@0.14.0_refl_v7k5goyzxx4rw7fmjhsl2vwruq/node_modules/@nestjs/core/injector/instance-loader.js:22:13)
    at TestingInstanceLoader.createInstancesOfDependencies (/Users/tyreeseedwards/oasis international care/node_modules/.pnpm/@nestjs+testing@10.3.0_@nestjs+common@10.3.0_class-transformer@0.5.1_class-validator@0.14.0_r_qnhukekok3zfe5q5pz3ainwlia/node_modules/@nestjs/testing/testing-instance-loader.js:9:9)
    at TestingModuleBuilder.createInstancesOfDependencies (/Users/tyreeseedwards/oasis international care/node_modules/.pnpm/@nestjs+testing@10.3.0_@nestjs+common@10.3.0_class-transformer@0.5.1_class-validator@0.14.0_r_qnhukekok3zfe5q5pz3ainwlia/node_modules/@nestjs/testing/testing-module.builder.js:118:9)
    at TestingModuleBuilder.compile (/Users/tyreeseedwards/oasis international care/node_modules/.pnpm/@nestjs+testing@10.3.0_@nestjs+common@10.3.0_class-transformer@0.5.1_class-validator@0.14.0_r_qnhukekok3zfe5q5pz3ainwlia/node_modules/@nestjs/testing/testing-module.builder.js:74:9)
    at Object.&lt;anonymous&gt; (/Users/tyreeseedwards/oasis international care/apps/api/test/emar.e2e.spec.ts:35:23)</failure>
    </testcase>
  </testsuite>
  <testsuite name="Stats E2E Tests" errors="0" failures="3" skipped="0" timestamp="2025-08-20T14:22:41" time="7.143" tests="3">
    <testcase classname="Stats E2E Tests /stats/today (GET) should return 403 for non-admin users" name="Stats E2E Tests /stats/today (GET) should return 403 for non-admin users" time="0">
      <failure>PrismaClientValidationError: Invalid client engine type, please use `library` or `binary`
    at Sl (/Users/tyreeseedwards/oasis international care/libs/db/src/generated/client/runtime/library.js:117:2056)
    at new t (/Users/tyreeseedwards/oasis international care/libs/db/src/generated/client/runtime/library.js:130:4621)
    at new PrismaService (/Users/tyreeseedwards/oasis international care/libs/db/src/prisma.service.ts:8:5)
    at TestingInjector.instantiateClass (/Users/tyreeseedwards/oasis international care/node_modules/.pnpm/@nestjs+core@10.3.0_@nestjs+common@10.3.0_class-transformer@0.5.1_class-validator@0.14.0_refl_v7k5goyzxx4rw7fmjhsl2vwruq/node_modules/@nestjs/core/injector/injector.js:365:19)
    at callback (/Users/tyreeseedwards/oasis international care/node_modules/.pnpm/@nestjs+core@10.3.0_@nestjs+common@10.3.0_class-transformer@0.5.1_class-validator@0.14.0_refl_v7k5goyzxx4rw7fmjhsl2vwruq/node_modules/@nestjs/core/injector/injector.js:65:45)
    at processTicksAndRejections (node:internal/process/task_queues:105:5)
    at TestingInjector.resolveConstructorParams (/Users/tyreeseedwards/oasis international care/node_modules/.pnpm/@nestjs+core@10.3.0_@nestjs+common@10.3.0_class-transformer@0.5.1_class-validator@0.14.0_refl_v7k5goyzxx4rw7fmjhsl2vwruq/node_modules/@nestjs/core/injector/injector.js:144:24)
    at TestingInjector.loadInstance (/Users/tyreeseedwards/oasis international care/node_modules/.pnpm/@nestjs+core@10.3.0_@nestjs+common@10.3.0_class-transformer@0.5.1_class-validator@0.14.0_refl_v7k5goyzxx4rw7fmjhsl2vwruq/node_modules/@nestjs/core/injector/injector.js:70:13)
    at TestingInjector.loadProvider (/Users/tyreeseedwards/oasis international care/node_modules/.pnpm/@nestjs+core@10.3.0_@nestjs+common@10.3.0_class-transformer@0.5.1_class-validator@0.14.0_refl_v7k5goyzxx4rw7fmjhsl2vwruq/node_modules/@nestjs/core/injector/injector.js:97:9)
    at /Users/tyreeseedwards/oasis international care/node_modules/.pnpm/@nestjs+core@10.3.0_@nestjs+common@10.3.0_class-transformer@0.5.1_class-validator@0.14.0_refl_v7k5goyzxx4rw7fmjhsl2vwruq/node_modules/@nestjs/core/injector/instance-loader.js:56:13
    at async Promise.all (index 4)
    at TestingInstanceLoader.createInstancesOfProviders (/Users/tyreeseedwards/oasis international care/node_modules/.pnpm/@nestjs+core@10.3.0_@nestjs+common@10.3.0_class-transformer@0.5.1_class-validator@0.14.0_refl_v7k5goyzxx4rw7fmjhsl2vwruq/node_modules/@nestjs/core/injector/instance-loader.js:55:9)
    at /Users/tyreeseedwards/oasis international care/node_modules/.pnpm/@nestjs+core@10.3.0_@nestjs+common@10.3.0_class-transformer@0.5.1_class-validator@0.14.0_refl_v7k5goyzxx4rw7fmjhsl2vwruq/node_modules/@nestjs/core/injector/instance-loader.js:40:13
    at async Promise.all (index 8)
    at TestingInstanceLoader.createInstances (/Users/tyreeseedwards/oasis international care/node_modules/.pnpm/@nestjs+core@10.3.0_@nestjs+common@10.3.0_class-transformer@0.5.1_class-validator@0.14.0_refl_v7k5goyzxx4rw7fmjhsl2vwruq/node_modules/@nestjs/core/injector/instance-loader.js:39:9)
    at TestingInstanceLoader.createInstancesOfDependencies (/Users/tyreeseedwards/oasis international care/node_modules/.pnpm/@nestjs+core@10.3.0_@nestjs+common@10.3.0_class-transformer@0.5.1_class-validator@0.14.0_refl_v7k5goyzxx4rw7fmjhsl2vwruq/node_modules/@nestjs/core/injector/instance-loader.js:22:13)
    at TestingInstanceLoader.createInstancesOfDependencies (/Users/tyreeseedwards/oasis international care/node_modules/.pnpm/@nestjs+testing@10.3.0_@nestjs+common@10.3.0_class-transformer@0.5.1_class-validator@0.14.0_r_qnhukekok3zfe5q5pz3ainwlia/node_modules/@nestjs/testing/testing-instance-loader.js:9:9)
    at TestingModuleBuilder.createInstancesOfDependencies (/Users/tyreeseedwards/oasis international care/node_modules/.pnpm/@nestjs+testing@10.3.0_@nestjs+common@10.3.0_class-transformer@0.5.1_class-validator@0.14.0_r_qnhukekok3zfe5q5pz3ainwlia/node_modules/@nestjs/testing/testing-module.builder.js:118:9)
    at TestingModuleBuilder.compile (/Users/tyreeseedwards/oasis international care/node_modules/.pnpm/@nestjs+testing@10.3.0_@nestjs+common@10.3.0_class-transformer@0.5.1_class-validator@0.14.0_r_qnhukekok3zfe5q5pz3ainwlia/node_modules/@nestjs/testing/testing-module.builder.js:74:9)
    at Object.&lt;anonymous&gt; (/Users/tyreeseedwards/oasis international care/apps/api/test/stats.e2e.spec.ts:34:42)</failure>
    </testcase>
    <testcase classname="Stats E2E Tests /stats/today (GET) should return today stats for admin users" name="Stats E2E Tests /stats/today (GET) should return today stats for admin users" time="0">
      <failure>PrismaClientValidationError: Invalid client engine type, please use `library` or `binary`
    at Sl (/Users/tyreeseedwards/oasis international care/libs/db/src/generated/client/runtime/library.js:117:2056)
    at new t (/Users/tyreeseedwards/oasis international care/libs/db/src/generated/client/runtime/library.js:130:4621)
    at new PrismaService (/Users/tyreeseedwards/oasis international care/libs/db/src/prisma.service.ts:8:5)
    at TestingInjector.instantiateClass (/Users/tyreeseedwards/oasis international care/node_modules/.pnpm/@nestjs+core@10.3.0_@nestjs+common@10.3.0_class-transformer@0.5.1_class-validator@0.14.0_refl_v7k5goyzxx4rw7fmjhsl2vwruq/node_modules/@nestjs/core/injector/injector.js:365:19)
    at callback (/Users/tyreeseedwards/oasis international care/node_modules/.pnpm/@nestjs+core@10.3.0_@nestjs+common@10.3.0_class-transformer@0.5.1_class-validator@0.14.0_refl_v7k5goyzxx4rw7fmjhsl2vwruq/node_modules/@nestjs/core/injector/injector.js:65:45)
    at processTicksAndRejections (node:internal/process/task_queues:105:5)
    at TestingInjector.resolveConstructorParams (/Users/tyreeseedwards/oasis international care/node_modules/.pnpm/@nestjs+core@10.3.0_@nestjs+common@10.3.0_class-transformer@0.5.1_class-validator@0.14.0_refl_v7k5goyzxx4rw7fmjhsl2vwruq/node_modules/@nestjs/core/injector/injector.js:144:24)
    at TestingInjector.loadInstance (/Users/tyreeseedwards/oasis international care/node_modules/.pnpm/@nestjs+core@10.3.0_@nestjs+common@10.3.0_class-transformer@0.5.1_class-validator@0.14.0_refl_v7k5goyzxx4rw7fmjhsl2vwruq/node_modules/@nestjs/core/injector/injector.js:70:13)
    at TestingInjector.loadProvider (/Users/tyreeseedwards/oasis international care/node_modules/.pnpm/@nestjs+core@10.3.0_@nestjs+common@10.3.0_class-transformer@0.5.1_class-validator@0.14.0_refl_v7k5goyzxx4rw7fmjhsl2vwruq/node_modules/@nestjs/core/injector/injector.js:97:9)
    at /Users/tyreeseedwards/oasis international care/node_modules/.pnpm/@nestjs+core@10.3.0_@nestjs+common@10.3.0_class-transformer@0.5.1_class-validator@0.14.0_refl_v7k5goyzxx4rw7fmjhsl2vwruq/node_modules/@nestjs/core/injector/instance-loader.js:56:13
    at async Promise.all (index 4)
    at TestingInstanceLoader.createInstancesOfProviders (/Users/tyreeseedwards/oasis international care/node_modules/.pnpm/@nestjs+core@10.3.0_@nestjs+common@10.3.0_class-transformer@0.5.1_class-validator@0.14.0_refl_v7k5goyzxx4rw7fmjhsl2vwruq/node_modules/@nestjs/core/injector/instance-loader.js:55:9)
    at /Users/tyreeseedwards/oasis international care/node_modules/.pnpm/@nestjs+core@10.3.0_@nestjs+common@10.3.0_class-transformer@0.5.1_class-validator@0.14.0_refl_v7k5goyzxx4rw7fmjhsl2vwruq/node_modules/@nestjs/core/injector/instance-loader.js:40:13
    at async Promise.all (index 8)
    at TestingInstanceLoader.createInstances (/Users/tyreeseedwards/oasis international care/node_modules/.pnpm/@nestjs+core@10.3.0_@nestjs+common@10.3.0_class-transformer@0.5.1_class-validator@0.14.0_refl_v7k5goyzxx4rw7fmjhsl2vwruq/node_modules/@nestjs/core/injector/instance-loader.js:39:9)
    at TestingInstanceLoader.createInstancesOfDependencies (/Users/tyreeseedwards/oasis international care/node_modules/.pnpm/@nestjs+core@10.3.0_@nestjs+common@10.3.0_class-transformer@0.5.1_class-validator@0.14.0_refl_v7k5goyzxx4rw7fmjhsl2vwruq/node_modules/@nestjs/core/injector/instance-loader.js:22:13)
    at TestingInstanceLoader.createInstancesOfDependencies (/Users/tyreeseedwards/oasis international care/node_modules/.pnpm/@nestjs+testing@10.3.0_@nestjs+common@10.3.0_class-transformer@0.5.1_class-validator@0.14.0_r_qnhukekok3zfe5q5pz3ainwlia/node_modules/@nestjs/testing/testing-instance-loader.js:9:9)
    at TestingModuleBuilder.createInstancesOfDependencies (/Users/tyreeseedwards/oasis international care/node_modules/.pnpm/@nestjs+testing@10.3.0_@nestjs+common@10.3.0_class-transformer@0.5.1_class-validator@0.14.0_r_qnhukekok3zfe5q5pz3ainwlia/node_modules/@nestjs/testing/testing-module.builder.js:118:9)
    at TestingModuleBuilder.compile (/Users/tyreeseedwards/oasis international care/node_modules/.pnpm/@nestjs+testing@10.3.0_@nestjs+common@10.3.0_class-transformer@0.5.1_class-validator@0.14.0_r_qnhukekok3zfe5q5pz3ainwlia/node_modules/@nestjs/testing/testing-module.builder.js:74:9)
    at Object.&lt;anonymous&gt; (/Users/tyreeseedwards/oasis international care/apps/api/test/stats.e2e.spec.ts:34:42)</failure>
    </testcase>
    <testcase classname="Stats E2E Tests /stats/today (GET) should return 401 for unauthenticated requests" name="Stats E2E Tests /stats/today (GET) should return 401 for unauthenticated requests" time="0">
      <failure>PrismaClientValidationError: Invalid client engine type, please use `library` or `binary`
    at Sl (/Users/tyreeseedwards/oasis international care/libs/db/src/generated/client/runtime/library.js:117:2056)
    at new t (/Users/tyreeseedwards/oasis international care/libs/db/src/generated/client/runtime/library.js:130:4621)
    at new PrismaService (/Users/tyreeseedwards/oasis international care/libs/db/src/prisma.service.ts:8:5)
    at TestingInjector.instantiateClass (/Users/tyreeseedwards/oasis international care/node_modules/.pnpm/@nestjs+core@10.3.0_@nestjs+common@10.3.0_class-transformer@0.5.1_class-validator@0.14.0_refl_v7k5goyzxx4rw7fmjhsl2vwruq/node_modules/@nestjs/core/injector/injector.js:365:19)
    at callback (/Users/tyreeseedwards/oasis international care/node_modules/.pnpm/@nestjs+core@10.3.0_@nestjs+common@10.3.0_class-transformer@0.5.1_class-validator@0.14.0_refl_v7k5goyzxx4rw7fmjhsl2vwruq/node_modules/@nestjs/core/injector/injector.js:65:45)
    at processTicksAndRejections (node:internal/process/task_queues:105:5)
    at TestingInjector.resolveConstructorParams (/Users/tyreeseedwards/oasis international care/node_modules/.pnpm/@nestjs+core@10.3.0_@nestjs+common@10.3.0_class-transformer@0.5.1_class-validator@0.14.0_refl_v7k5goyzxx4rw7fmjhsl2vwruq/node_modules/@nestjs/core/injector/injector.js:144:24)
    at TestingInjector.loadInstance (/Users/tyreeseedwards/oasis international care/node_modules/.pnpm/@nestjs+core@10.3.0_@nestjs+common@10.3.0_class-transformer@0.5.1_class-validator@0.14.0_refl_v7k5goyzxx4rw7fmjhsl2vwruq/node_modules/@nestjs/core/injector/injector.js:70:13)
    at TestingInjector.loadProvider (/Users/tyreeseedwards/oasis international care/node_modules/.pnpm/@nestjs+core@10.3.0_@nestjs+common@10.3.0_class-transformer@0.5.1_class-validator@0.14.0_refl_v7k5goyzxx4rw7fmjhsl2vwruq/node_modules/@nestjs/core/injector/injector.js:97:9)
    at /Users/tyreeseedwards/oasis international care/node_modules/.pnpm/@nestjs+core@10.3.0_@nestjs+common@10.3.0_class-transformer@0.5.1_class-validator@0.14.0_refl_v7k5goyzxx4rw7fmjhsl2vwruq/node_modules/@nestjs/core/injector/instance-loader.js:56:13
    at async Promise.all (index 4)
    at TestingInstanceLoader.createInstancesOfProviders (/Users/tyreeseedwards/oasis international care/node_modules/.pnpm/@nestjs+core@10.3.0_@nestjs+common@10.3.0_class-transformer@0.5.1_class-validator@0.14.0_refl_v7k5goyzxx4rw7fmjhsl2vwruq/node_modules/@nestjs/core/injector/instance-loader.js:55:9)
    at /Users/tyreeseedwards/oasis international care/node_modules/.pnpm/@nestjs+core@10.3.0_@nestjs+common@10.3.0_class-transformer@0.5.1_class-validator@0.14.0_refl_v7k5goyzxx4rw7fmjhsl2vwruq/node_modules/@nestjs/core/injector/instance-loader.js:40:13
    at async Promise.all (index 8)
    at TestingInstanceLoader.createInstances (/Users/tyreeseedwards/oasis international care/node_modules/.pnpm/@nestjs+core@10.3.0_@nestjs+common@10.3.0_class-transformer@0.5.1_class-validator@0.14.0_refl_v7k5goyzxx4rw7fmjhsl2vwruq/node_modules/@nestjs/core/injector/instance-loader.js:39:9)
    at TestingInstanceLoader.createInstancesOfDependencies (/Users/tyreeseedwards/oasis international care/node_modules/.pnpm/@nestjs+core@10.3.0_@nestjs+common@10.3.0_class-transformer@0.5.1_class-validator@0.14.0_refl_v7k5goyzxx4rw7fmjhsl2vwruq/node_modules/@nestjs/core/injector/instance-loader.js:22:13)
    at TestingInstanceLoader.createInstancesOfDependencies (/Users/tyreeseedwards/oasis international care/node_modules/.pnpm/@nestjs+testing@10.3.0_@nestjs+common@10.3.0_class-transformer@0.5.1_class-validator@0.14.0_r_qnhukekok3zfe5q5pz3ainwlia/node_modules/@nestjs/testing/testing-instance-loader.js:9:9)
    at TestingModuleBuilder.createInstancesOfDependencies (/Users/tyreeseedwards/oasis international care/node_modules/.pnpm/@nestjs+testing@10.3.0_@nestjs+common@10.3.0_class-transformer@0.5.1_class-validator@0.14.0_r_qnhukekok3zfe5q5pz3ainwlia/node_modules/@nestjs/testing/testing-module.builder.js:118:9)
    at TestingModuleBuilder.compile (/Users/tyreeseedwards/oasis international care/node_modules/.pnpm/@nestjs+testing@10.3.0_@nestjs+common@10.3.0_class-transformer@0.5.1_class-validator@0.14.0_r_qnhukekok3zfe5q5pz3ainwlia/node_modules/@nestjs/testing/testing-module.builder.js:74:9)
    at Object.&lt;anonymous&gt; (/Users/tyreeseedwards/oasis international care/apps/api/test/stats.e2e.spec.ts:34:42)</failure>
    </testcase>
    <testcase classname=" Test execution failure: could be caused by test hooks like &apos;afterAll&apos;." name=" Test execution failure: could be caused by test hooks like &apos;afterAll&apos;." time="0">
      <failure>{&quot;message&quot;:&quot;&quot;,&quot;stack&quot;:&quot;TypeError: Cannot read properties of undefined (reading &apos;close&apos;)\n    at Object.&lt;anonymous&gt; (/Users/tyreeseedwards/oasis international care/apps/api/test/stats.e2e.spec.ts:142:15)\n    at Promise.then.completed (/Users/tyreeseedwards/oasis international care/node_modules/.pnpm/jest-circus@29.7.0/node_modules/jest-circus/build/utils.js:298:28)\n    at new Promise (&lt;anonymous&gt;)\n    at callAsyncCircusFn (/Users/tyreeseedwards/oasis international care/node_modules/.pnpm/jest-circus@29.7.0/node_modules/jest-circus/build/utils.js:231:10)\n    at _callCircusHook (/Users/tyreeseedwards/oasis international care/node_modules/.pnpm/jest-circus@29.7.0/node_modules/jest-circus/build/run.js:281:40)\n    at processTicksAndRejections (node:internal/process/task_queues:105:5)\n    at _runTestsForDescribeBlock (/Users/tyreeseedwards/oasis international care/node_modules/.pnpm/jest-circus@29.7.0/node_modules/jest-circus/build/run.js:154:7)\n    at _runTestsForDescribeBlock (/Users/tyreeseedwards/oasis international care/node_modules/.pnpm/jest-circus@29.7.0/node_modules/jest-circus/build/run.js:121:9)\n    at run (/Users/tyreeseedwards/oasis international care/node_modules/.pnpm/jest-circus@29.7.0/node_modules/jest-circus/build/run.js:71:3)\n    at runAndTransformResultsToJestFormat (/Users/tyreeseedwards/oasis international care/node_modules/.pnpm/jest-circus@29.7.0/node_modules/jest-circus/build/legacy-code-todo-rewrite/jestAdapterInit.js:122:21)\n    at jestAdapter (/Users/tyreeseedwards/oasis international care/node_modules/.pnpm/jest-circus@29.7.0/node_modules/jest-circus/build/legacy-code-todo-rewrite/jestAdapter.js:79:19)\n    at runTestInternal (/Users/tyreeseedwards/oasis international care/node_modules/.pnpm/jest-runner@29.7.0/node_modules/jest-runner/build/runTest.js:367:16)\n    at runTest (/Users/tyreeseedwards/oasis international care/node_modules/.pnpm/jest-runner@29.7.0/node_modules/jest-runner/build/runTest.js:444:34)&quot;}</failure>
    </testcase>
  </testsuite>
</testsuites>